Resource Report
Microsemi Corporation - Microsemi Libero Software Release v12.1 (Version 12.600.0.14)
Date: Fri Apr 10 00:59:55 2020

Device Selection
+--------------------------------+----------------+
| Family                         | SmartFusion2   |
| Device                         | M2S010         |
| Package                        | 144 TQ         |
| Speed Grade                    | STD            |
| Temp                           | 0:25:85        |
| Voltage                        | 1.26:1.20:1.14 |
| Core Voltage                   | 1.2V           |
| Ramp Rate                      | 100ms Minimum  |
| System Controller Suspend Mode | No             |
| PLL Supply Voltage             | 2.5V           |
| Default I/O technology         | LVCMOS 2.5V    |
| Restrict Probe Pins            | No             |
| Restrict SPI Pins              | No             |
+--------------------------------+----------------+

Source Files
+---------+----------------------------------------------------------------------------------+
| Topcell | FFT_APB_Wrapper                                                                  |
| Format  | Verilog                                                                          |
| Source  | E:\Github_Repos\SF2_FFT_Accelerator\FFT_Accelerator\synthesis\FFT_APB_Wrapper.vm |
+---------+----------------------------------------------------------------------------------+

Options
+----------------------------------------------------+-------+
| Enable Single Event Transient mitigation           | false |
| Enable Design Separation Methodology               | false |
| Limit the number of high fanout nets to display to | 10    |
+----------------------------------------------------+-------+

Resource Usage
+---------------------------+------+-------+------------+
| Type                      | Used | Total | Percentage |
+---------------------------+------+-------+------------+
| 4LUT                      | 1665 | 12084 | 13.78      |
| DFF                       | 842  | 12084 | 6.97       |
| I/O Register              | 0    | 252   | 0.00       |
| User I/O                  | 36   | 84    | 42.86      |
| -- Single-ended I/O       | 36   | 84    | 42.86      |
| -- Differential I/O Pairs | 0    | 37    | 0.00       |
| RAM64x18                  | 0    | 22    | 0.00       |
| RAM1K18                   | 2    | 21    | 9.52       |
| MACC                      | 3    | 22    | 13.64      |
| Chip Globals              | 3    | 8     | 37.50      |
| CCC                       | 0    | 2     | 0.00       |
| RCOSC_25_50MHZ            | 0    | 1     | 0.00       |
| RCOSC_1MHZ                | 0    | 1     | 0.00       |
| XTLOSC                    | 0    | 1     | 0.00       |
| MSS                       | 0    | 1     | 0.00       |
+---------------------------+------+-------+------------+

Detailed Logic Resource Usage
+--------------------------+------+-----+
| Type                     | 4LUT | DFF |
+--------------------------+------+-----+
| Fabric Logic             | 1485 | 662 |
| RAM64x18 Interface Logic | 0    | 0   |
| RAM1K18 Interface Logic  | 72   | 72  |
| MACC Interface Logic     | 108  | 108 |
| Total Used               | 1665 | 842 |
+--------------------------+------+-----+

Detailed Carry Chains Resource Usage
+--------+------+
| Length | Used |
| 2      | 62   |
| 9      | 5    |
| 10     | 7    |
| 11     | 6    |
| 12     | 4    |
| 16     | 1    |
| 18     | 2    |
| Total  | 87   |
+--------+------+

Detailed MACC Resource Usage
+--------+------+
| Length | Used |
| 1      | 3    |
| Total  | 3    |
+--------+------+

I/O Function
+-------------------------------+--------------+-------------+-----------------+
| Type                          | w/o register | w/ register | w/ DDR register |
+-------------------------------+--------------+-------------+-----------------+
| Input I/O                     | 18           | 0           | 0               |
| Output I/O                    | 18           | 0           | 0               |
| Bidirectional I/O             | 0            | 0           | 0               |
| Differential Input I/O Pairs  | 0            | 0           | 0               |
| Differential Output I/O Pairs | 0            | 0           | 0               |
+-------------------------------+--------------+-------------+-----------------+

I/O Technology
+--------------+--------+------+-------+--------+---------------+
| I/O Standard | Vddi   | Vref | Input | Output | Bidirectional |
+--------------+--------+------+-------+--------+---------------+
| LVCMOS25     |  2.50v |  N/A |  18   |  18    |  0            |
+--------------+--------+------+-------+--------+---------------+

I/O Placement
+----------+-------+------------+
| Type     | Count | Percentage |
+----------+-------+------------+
| Locked   |  0    | 0.00%      |
| Placed   |  0    | 0.00%      |
| UnPlaced |  36   | 100.00%    |
+----------+-------+------------+

Nets assigned to chip global resources
+--------+---------+-----------------------------------+
| Fanout | Type    | Name                              |
+--------+---------+-----------------------------------+
| 668    | INT_NET | Net   : PCLK_c                    |
|        |         | Driver: PCLK_ibuf_RNIFTKA/U0_RGB1 |
|        |         | Source: NETLIST                   |
| 554    | INT_NET | Net   : RSTn_c                    |
|        |         | Driver: RSTn_ibuf_RNICUT3/U0_RGB1 |
|        |         | Source: NETLIST                   |
| 69     | INT_NET | Net   : comp_rstn_Z               |
|        |         | Driver: comp_rstn_RNIL9E/U0_RGB1  |
|        |         | Source: NETLIST                   |
+--------+---------+-----------------------------------+

Nets assigned to row global resources
+--------+------+------+
| Fanout | Type | Name |
+--------+------+------+
+--------+------+------+

High fanout nets
+--------+---------+--------------------------------------------------------+
| Fanout | Type    | Name                                                   |
+--------+---------+--------------------------------------------------------+
| 222    | INT_NET | Net   : FFT_Core/FFT_Transformer_0/twiddle_index[4]    |
|        |         | Driver: FFT_Core/FFT_Transformer_0/twiddle_index[4]    |
| 156    | INT_NET | Net   : FFT_Core/FFT_Transformer_0/twiddle_index[3]    |
|        |         | Driver: FFT_Core/FFT_Transformer_0/twiddle_index[3]    |
| 149    | INT_NET | Net   : FFT_Core/FFT_Transformer_0/twiddle_index[0]    |
|        |         | Driver: FFT_Core/FFT_Transformer_0/twiddle_index[0]    |
| 145    | INT_NET | Net   : FFT_Core/FFT_Transformer_0/twiddle_index[1]    |
|        |         | Driver: FFT_Core/FFT_Transformer_0/twiddle_index[1]    |
| 132    | INT_NET | Net   : FFT_Core/FFT_Transformer_0/twiddle_index[2]    |
|        |         | Driver: FFT_Core/FFT_Transformer_0/twiddle_index[2]    |
| 105    | INT_NET | Net   : FFT_Core/FFT_Transformer_0/twiddle_index[5]    |
|        |         | Driver: FFT_Core/FFT_Transformer_0/twiddle_index[5]    |
| 95     | INT_NET | Net   : FFT_Core/tf_comp_ram_returned_i                |
|        |         | Driver: FFT_Core/FFT_Transformer_0/ram_dest            |
| 87     | INT_NET | Net   : FFT_Core/i_comp_ram_stable_Z                   |
|        |         | Driver: FFT_Core/i_comp_ram_stable                     |
| 87     | INT_NET | Net   : FFT_Core/FFT_Transformer_0/dft_run_RNIT2GE_0_Z |
|        |         | Driver: FFT_Core/FFT_Transformer_0/dft_run_RNIT2GE_0   |
| 83     | INT_NET | Net   : FFT_Core/FFT_Transformer_0/twiddle_index[6]    |
|        |         | Driver: FFT_Core/FFT_Transformer_0/twiddle_index[6]    |
+--------+---------+--------------------------------------------------------+

High fanout nets (through buffer trees)
+--------+---------+--------------------------------------------------------+
| Fanout | Type    | Name                                                   |
+--------+---------+--------------------------------------------------------+
| 222    | INT_NET | Net   : FFT_Core/FFT_Transformer_0/twiddle_index[4]    |
|        |         | Driver: FFT_Core/FFT_Transformer_0/twiddle_index[4]    |
| 156    | INT_NET | Net   : FFT_Core/FFT_Transformer_0/twiddle_index[3]    |
|        |         | Driver: FFT_Core/FFT_Transformer_0/twiddle_index[3]    |
| 149    | INT_NET | Net   : FFT_Core/FFT_Transformer_0/twiddle_index[0]    |
|        |         | Driver: FFT_Core/FFT_Transformer_0/twiddle_index[0]    |
| 145    | INT_NET | Net   : FFT_Core/FFT_Transformer_0/twiddle_index[1]    |
|        |         | Driver: FFT_Core/FFT_Transformer_0/twiddle_index[1]    |
| 132    | INT_NET | Net   : FFT_Core/FFT_Transformer_0/twiddle_index[2]    |
|        |         | Driver: FFT_Core/FFT_Transformer_0/twiddle_index[2]    |
| 105    | INT_NET | Net   : FFT_Core/FFT_Transformer_0/twiddle_index[5]    |
|        |         | Driver: FFT_Core/FFT_Transformer_0/twiddle_index[5]    |
| 95     | INT_NET | Net   : FFT_Core/tf_comp_ram_returned_i                |
|        |         | Driver: FFT_Core/FFT_Transformer_0/ram_dest            |
| 87     | INT_NET | Net   : FFT_Core/i_comp_ram_stable_Z                   |
|        |         | Driver: FFT_Core/i_comp_ram_stable                     |
| 87     | INT_NET | Net   : FFT_Core/FFT_Transformer_0/dft_run_RNIT2GE_0_Z |
|        |         | Driver: FFT_Core/FFT_Transformer_0/dft_run_RNIT2GE_0   |
| 83     | INT_NET | Net   : FFT_Core/FFT_Transformer_0/twiddle_index[6]    |
|        |         | Driver: FFT_Core/FFT_Transformer_0/twiddle_index[6]    |
+--------+---------+--------------------------------------------------------+

