----------------------------------------------------------------
-Pin Report - Date: Tue Apr 21 06:29:56 2020 Pinchecksum: NOT-AVAILABLE
-Product: Designer
-Release: v12.1
-Version: 12.600.0.14
-Design Name: FFT_Accel_system
-Family: SmartFusion2
-Die: M2S010
-Package: 144 TQ
-----------------------------------------------------------------

Port             |Pin |Fixed |Function                 |Bank     |I/O Std   |Direction                      |I/O state in Flash*Freeze mode |Resistor Pull                      |I/O available in Flash*Freeze mode |Schmitt Trigger |Odt_Static    |Odt Imp (Ohm)  |Low Power Exit |Input Delay |Slew         |Pre-Emphasis      |Output Drive (mA) |Output Load (pF) |
-----------------|----|------|-------------------------|---------|----------|-------------------------------|-------------------------------|-----------------------------------|-----------------------------------|----------------|--------------|---------------|---------------|------------|-------------|------------------|------------------|-----------------|
Board_Buttons[0]  143  Yes    DDRIO59PB0/GB0            Bank0     LVCMOS25   Input                           TRISTATE                        None                                No                                  Off              ---            ---             Off             Off          ---           ---                ---                ---               
Board_Buttons[1]  144  Yes    DDRIO63PB0                Bank0     LVCMOS25   Input                           TRISTATE                        None                                No                                  Off              ---            ---             Off             Off          ---           ---                ---                ---               
Board_LEDs[0]     117  Yes    DDRIO37NB0                Bank0     LVCMOS25   Output                          TRISTATE                        None                                No                                  ---              ---            ---             ---             ---          SLOW          ---                4                  5                 
Board_LEDs[1]     118  Yes    DDRIO37PB0                Bank0     LVCMOS25   Output                          TRISTATE                        None                                No                                  ---              ---            ---             ---             ---          SLOW          ---                4                  5                 
Board_LEDs[2]     122  Yes    DDRIO43NB0                Bank0     LVCMOS25   Output                          TRISTATE                        None                                No                                  ---              ---            ---             ---             ---          SLOW          ---                4                  5                 
Board_LEDs[3]     123  Yes    DDRIO43PB0                Bank0     LVCMOS25   Output                          TRISTATE                        None                                No                                  ---              ---            ---             ---             ---          SLOW          ---                4                  5                 
Board_LEDs[4]     124  Yes    DDRIO44NB0                Bank0     LVCMOS25   Output                          TRISTATE                        None                                No                                  ---              ---            ---             ---             ---          SLOW          ---                4                  5                 
Board_LEDs[5]     125  Yes    DDRIO44PB0                Bank0     LVCMOS25   Output                          TRISTATE                        None                                No                                  ---              ---            ---             ---             ---          SLOW          ---                4                  5                 
Board_LEDs[6]     128  Yes    DDRIO47NB0                Bank0     LVCMOS25   Output                          TRISTATE                        None                                No                                  ---              ---            ---             ---             ---          SLOW          ---                4                  5                 
Board_LEDs[7]     129  Yes    DDRIO47PB0                Bank0     LVCMOS25   Output                          TRISTATE                        None                                No                                  ---              ---            ---             ---             ---          SLOW          ---                4                  5                 
COMA_MODE         131  Yes    DDRIO48PB0                Bank0     LVCMOS25   Output                          TRISTATE                        None                                No                                  ---              ---            ---             ---             ---          SLOW          ---                4                  5                 
DEVRST_N          72   Fixed  DEVRST_N                  ---       
ETH_NRESET        136  Yes    DDRIO55NB0                Bank0     LVCMOS25   Output                          TRISTATE                        None                                No                                  ---              ---            ---             ---             ---          SLOW          ---                4                  5                 
GMII_COL          67   Yes    MSIO114NB4                Bank4     LVCMOS25   Input                           TRISTATE                        None                                No                                  Off              ---            ---             Off             Off          ---           ---                ---                ---               
GMII_CRS          66   Yes    MSIO114PB4                Bank4     LVCMOS25   Input                           TRISTATE                        None                                No                                  Off              ---            ---             Off             Off          ---           ---                ---                ---               
GMII_GTX_CLK      44   Yes    MSIO102NB4/CCC_NE1_CLKI0  Bank4     LVCMOS25   Output                          TRISTATE                        None                                No                                  ---              ---            ---             ---             ---          SLOW          ---                4                  5                 
GMII_MDC          28   Yes    MSIOD90PB6                Bank6     LVCMOS25   Output                          TRISTATE                        None                                No                                  ---              ---            ---             ---             ---          SLOW          ---                4                  5                 
GMII_MDIO         27   Yes    MSIOD90NB6                Bank6     LVCMOS25   Inout                           TRISTATE                        None                                No                                  Off              ---            ---             Off             Off          SLOW          ---                4                  5                 
GMII_RX_CLK       52   Yes    MSIO105PB4/CCC_NE0_CLKI0  Bank4     LVCMOS25   Input                           TRISTATE                        None                                No                                  Off              ---            ---             Off             Off          ---           ---                ---                ---               
GMII_RX_DV        53   Yes    MSIO105NB4                Bank4     LVCMOS25   Input                           TRISTATE                        None                                No                                  Off              ---            ---             Off             Off          ---           ---                ---                ---               
GMII_RX_ER        49   Yes    MSIO104PB4/GB3            Bank4     LVCMOS25   Input                           TRISTATE                        None                                No                                  Off              ---            ---             Off             Off          ---           ---                ---                ---               
GMII_RXD[0]       55   Yes    MSIO106PB4                Bank4     LVCMOS25   Input                           TRISTATE                        None                                No                                  Off              ---            ---             Off             Off          ---           ---                ---                ---               
GMII_RXD[1]       56   Yes    MSIO106NB4                Bank4     LVCMOS25   Input                           TRISTATE                        None                                No                                  Off              ---            ---             Off             Off          ---           ---                ---                ---               
GMII_RXD[2]       57   Yes    MSIO108PB4                Bank4     LVCMOS25   Input                           TRISTATE                        None                                No                                  Off              ---            ---             Off             Off          ---           ---                ---                ---               
GMII_RXD[3]       58   Yes    MSIO108NB4                Bank4     LVCMOS25   Input                           TRISTATE                        None                                No                                  Off              ---            ---             Off             Off          ---           ---                ---                ---               
GMII_RXD[4]       60   Yes    MSIO109PB4                Bank4     LVCMOS25   Input                           TRISTATE                        None                                No                                  Off              ---            ---             Off             Off          ---           ---                ---                ---               
GMII_RXD[5]       61   Yes    MSIO109NB4                Bank4     LVCMOS25   Input                           TRISTATE                        None                                No                                  Off              ---            ---             Off             Off          ---           ---                ---                ---               
GMII_RXD[6]       63   Yes    MSIO113PB4                Bank4     LVCMOS25   Input                           TRISTATE                        None                                No                                  Off              ---            ---             Off             Off          ---           ---                ---                ---               
GMII_RXD[7]       64   Yes    MSIO113NB4                Bank4     LVCMOS25   Input                           TRISTATE                        None                                No                                  Off              ---            ---             Off             Off          ---           ---                ---                ---               
GMII_TX_CLK       24   Yes    MSIOD85PB6/CCC_NE1_CLKI1  Bank6     LVCMOS25   Input                           TRISTATE                        None                                No                                  Off              ---            ---             Off             Off          ---           ---                ---                ---               
GMII_TX_EN        48   Yes    MSIO104NB4/GB7            Bank4     LVCMOS25   Output                          TRISTATE                        None                                No                                  ---              ---            ---             ---             ---          SLOW          ---                4                  5                 
GMII_TX_ER        47   Yes    MSIO103PB4/PROBE_A        Bank4     LVCMOS25   Output                          TRISTATE                        None                                No                                  ---              ---            ---             ---             ---          SLOW          ---                4                  5                 
GMII_TXD[0]       43   Yes    MSIO102PB4                Bank4     LVCMOS25   Output                          TRISTATE                        None                                No                                  ---              ---            ---             ---             ---          SLOW          ---                4                  5                 
GMII_TXD[1]       38   Yes    MSIOD99NB6                Bank6     LVCMOS25   Output                          TRISTATE                        None                                No                                  ---              ---            ---             ---             ---          SLOW          ---                4                  5                 
GMII_TXD[2]       37   Yes    MSIOD99PB6                Bank6     LVCMOS25   Output                          TRISTATE                        None                                No                                  ---              ---            ---             ---             ---          SLOW          ---                4                  5                 
GMII_TXD[3]       36   Yes    MSIOD98NB6                Bank6     LVCMOS25   Output                          TRISTATE                        None                                No                                  ---              ---            ---             ---             ---          SLOW          ---                4                  5                 
GMII_TXD[4]       33   Yes    MSIOD96NB6                Bank6     LVCMOS25   Output                          TRISTATE                        None                                No                                  ---              ---            ---             ---             ---          SLOW          ---                4                  5                 
GMII_TXD[5]       32   Yes    MSIOD96PB6                Bank6     LVCMOS25   Output                          TRISTATE                        None                                No                                  ---              ---            ---             ---             ---          SLOW          ---                4                  5                 
GMII_TXD[6]       30   Yes    MSIOD93PB6                Bank6     LVCMOS25   Output                          TRISTATE                        None                                No                                  ---              ---            ---             ---             ---          SLOW          ---                4                  5                 
GMII_TXD[7]       29   Yes    MSIOD93NB6                Bank6     LVCMOS25   Output                          TRISTATE                        None                                No                                  ---              ---            ---             ---             ---          SLOW          ---                4                  5                 
MDINT             46   Yes    MSIO103NB4/PROBE_B        Bank4     LVCMOS25   Input                           TRISTATE                        None                                No                                  Off              ---            ---             Off             Off          ---           ---                ---                ---               
REFCLK_SEL[0]     134  Yes    DDRIO53NB0                Bank0     LVCMOS25   Output                          TRISTATE                        None                                No                                  ---              ---            ---             ---             ---          SLOW          ---                4                  5                 
REFCLK_SEL[1]     135  Yes    DDRIO53PB0                Bank0     LVCMOS25   Output                          TRISTATE                        None                                No                                  ---              ---            ---             ---             ---          SLOW          ---                4                  5                 
USB_UART_RXD      2    Yes    MSIO64PB7                 Bank7     LVCMOS25   Output                          TRISTATE                        None                                No                                  ---              ---            ---             ---             ---          SLOW          ---                4                  5                 
USB_UART_TXD      1    Yes    MSIO64NB7                 Bank7     LVCMOS25   Input                           TRISTATE                        None                                No                                  Off              ---            ---             Off             Off          ---           ---                ---                ---               
