
Copyright (C) 1994-2018 Synopsys, Inc.
This Synopsys software and all associated documentation are proprietary to Synopsys, Inc.
and may only be used pursuant to the terms and conditions of a written license agreement
with Synopsys, Inc. All other use, reproduction, modification, or distribution of the
Synopsys software or the associated documentation is strictly prohibited.
Tool: Synplify Pro (R)
Build: N-2018.03M-SP1-1
Install: C:\Microsemi\Libero_SoC_v12.1\SynplifyPro
OS: Windows 6.2

Hostname: PHOENIX136DESKY

Implementation : synthesis

# Written on Fri Apr 10 00:59:41 2020

##### DESIGN INFO #######################################################

Top View:                "FFT_APB_Wrapper"
Constraint File(s):      "E:\Github_Repos\SF2_FFT_Accelerator\FFT_Accelerator\designer\FFT_APB_Wrapper\synthesis.fdc"




##### SUMMARY ############################################################

Found 0 issues in 0 out of 0 constraints


##### DETAILS ############################################################



Clock Relationships
*******************

Starting                 Ending                   |     rise to rise     |     fall to fall     |     rise to fall     |     fall to rise                     
-------------------------------------------------------------------------------------------------------------------------------------------------------------
FFT_APB_Wrapper|PCLK     FFT_APB_Wrapper|PCLK     |     10.000           |     No paths         |     No paths         |     No paths                         
=============================================================================================================================================================
 Note: 'No paths' indicates there are no paths in the design for that pair of clock edges.
       'Diff grp' indicates that paths exist but the starting clock and ending clock are in different clock groups.


Unconstrained Start/End Points
******************************

p:PADDR[0]
p:PADDR[1]
p:PADDR[2]
p:PADDR[3]
p:PADDR[4]
p:PADDR[5]
p:PADDR[6]
p:PADDR[7]
p:PENABLE
p:PRDATA[0]
p:PRDATA[1]
p:PRDATA[2]
p:PRDATA[3]
p:PRDATA[4]
p:PRDATA[5]
p:PRDATA[6]
p:PRDATA[7]
p:PRDATA[8]
p:PRDATA[9]
p:PRDATA[10]
p:PRDATA[11]
p:PRDATA[12]
p:PRDATA[13]
p:PRDATA[14]
p:PRDATA[15]
p:PREADY
p:PSEL
p:PSLVERR
p:PWDATA[0]
p:PWDATA[1]
p:PWDATA[2]
p:PWDATA[3]
p:PWDATA[4]
p:PWDATA[5]
p:PWDATA[6]
p:PWDATA[7]
p:PWDATA[8]
p:PWDATA[9]
p:PWDATA[10]
p:PWDATA[11]
p:PWDATA[12]
p:PWDATA[13]
p:PWDATA[14]
p:PWDATA[15]
p:PWRITE
p:RSTn


Inapplicable constraints
************************

(none)


Applicable constraints with issues
**********************************

(none)


Constraints with matching wildcard expressions
**********************************************

(none)


Library Report
**************


# End of Constraint Checker Report
