
Starting:    C:\Microsemi\Libero_SoC_v12.1\SynplifyPro\bin64\mbin\synplify.exe
Install:     C:\Microsemi\Libero_SoC_v12.1\SynplifyPro
Hostname:    PHOENIX136DESKY
Date:        Fri Apr 10 00:59:07 2020
Version:     N-2018.03M-SP1-1

Arguments:   -product synplify_pro FFT_APB_Wrapper_syn.tcl
ProductType: synplify_pro

License checkout: synplifypro_actel
License: synplifypro_actel node-locked 
Licensed Vendor: actel
License Option: actel_oem



auto_infer_blackbox is not supported in current product.
TCL script complete: "FFT_APB_Wrapper_syn.tcl"
log file: "E:\Github_Repos\SF2_FFT_Accelerator\FFT_Accelerator\synthesis\FFT_APB_Wrapper.srr"
Running: synthesis in foreground

Running FFT_APB_Wrapper_syn|synthesis

Running Flow: compile (Compile) on FFT_APB_Wrapper_syn|synthesis
# Fri Apr 10 00:59:13 2020

Running Flow: compile_flow (Compile Process) on FFT_APB_Wrapper_syn|synthesis
# Fri Apr 10 00:59:13 2020

Running: compiler (Compile Input) on FFT_APB_Wrapper_syn|synthesis
# Fri Apr 10 00:59:13 2020

compiler completed
# Fri Apr 10 00:59:15 2020

Return Code: 0
Run Time:00h:00m:02s

Running: multi_srs_gen (Multi-srs Generator) on FFT_APB_Wrapper_syn|synthesis
# Fri Apr 10 00:59:15 2020
Up-To-Date: multi_srs_gen. No run necessary
Complete: Compile Process on FFT_APB_Wrapper_syn|synthesis

Running: premap (Premap) on FFT_APB_Wrapper_syn|synthesis
# Fri Apr 10 00:59:15 2020

premap completed with warnings
# Fri Apr 10 00:59:16 2020

Return Code: 1
Run Time:00h:00m:01s
Complete: Compile on FFT_APB_Wrapper_syn|synthesis

Running Flow: map (Map) on FFT_APB_Wrapper_syn|synthesis
# Fri Apr 10 00:59:16 2020

Running: fpga_mapper (Map & Optimize) on FFT_APB_Wrapper_syn|synthesis
# Fri Apr 10 00:59:16 2020
Copied E:\Github_Repos\SF2_FFT_Accelerator\FFT_Accelerator\synthesis\synwork\FFT_APB_Wrapper_m.srm to E:\Github_Repos\SF2_FFT_Accelerator\FFT_Accelerator\synthesis\FFT_APB_Wrapper.srm

fpga_mapper completed with warnings
# Fri Apr 10 00:59:25 2020

Return Code: 1
Run Time:00h:00m:09s
Complete: Map on FFT_APB_Wrapper_syn|synthesis
Complete: Logic Synthesis on FFT_APB_Wrapper_syn|synthesis
0log file: "E:\Github_Repos\SF2_FFT_Accelerator\FFT_Accelerator\synthesis\FFT_APB_Wrapper.srr"
Running: synthesis in foreground

Running FFT_APB_Wrapper_syn|synthesis

Running Flow: compile (Compile) on FFT_APB_Wrapper_syn|synthesis
# Fri Apr 10 00:59:39 2020

Running Flow: compile_flow (Compile Process) on FFT_APB_Wrapper_syn|synthesis
# Fri Apr 10 00:59:39 2020

Running: compiler (Compile Input) on FFT_APB_Wrapper_syn|synthesis
# Fri Apr 10 00:59:39 2020

compiler completed
# Fri Apr 10 00:59:40 2020

Return Code: 0
Run Time:00h:00m:01s

Running: multi_srs_gen (Multi-srs Generator) on FFT_APB_Wrapper_syn|synthesis
# Fri Apr 10 00:59:40 2020
Up-To-Date: multi_srs_gen. No run necessary
Complete: Compile Process on FFT_APB_Wrapper_syn|synthesis

Running: premap (Premap) on FFT_APB_Wrapper_syn|synthesis
# Fri Apr 10 00:59:40 2020

premap completed with warnings
# Fri Apr 10 00:59:42 2020

Return Code: 1
Run Time:00h:00m:02s
Complete: Compile on FFT_APB_Wrapper_syn|synthesis

Running Flow: map (Map) on FFT_APB_Wrapper_syn|synthesis
# Fri Apr 10 00:59:42 2020

Running: fpga_mapper (Map & Optimize) on FFT_APB_Wrapper_syn|synthesis
# Fri Apr 10 00:59:42 2020
Copied E:\Github_Repos\SF2_FFT_Accelerator\FFT_Accelerator\synthesis\synwork\FFT_APB_Wrapper_m.srm to E:\Github_Repos\SF2_FFT_Accelerator\FFT_Accelerator\synthesis\FFT_APB_Wrapper.srm

fpga_mapper completed with warnings
# Fri Apr 10 00:59:50 2020

Return Code: 1
Run Time:00h:00m:08s
Complete: Map on FFT_APB_Wrapper_syn|synthesis
Complete: Logic Synthesis on FFT_APB_Wrapper_syn|synthesis
0exit status=0
License checkin: synplifypro_actel
