
Starting:    C:\Microsemi\Libero_SoC_v12.1\SynplifyPro\bin64\mbin\synbatch.exe
Install:     C:\Microsemi\Libero_SoC_v12.1\SynplifyPro
Hostname:    PHOENIX136DESKY
Date:        Tue Apr 21 06:29:02 2020
Version:     N-2018.03M-SP1-1

Arguments:   -product synplify_pro -licensetype synplifypro_actel -batch -log synplify.log FFT_Accel_system_syn.tcl
ProductType: synplify_pro

License checkout: synplifypro_actel
License: synplifypro_actel node-locked 
Licensed Vendor: actel
License Option: actel_oem

Running in Vendor Mode

auto_infer_blackbox is not supported in current product.
log file: "E:\Github_Repos\SF2_Eth_FFT\FFT_Accelerator\synthesis\FFT_Accel_system.srr"
Running: synthesis in foreground

Running FFT_Accel_system_syn|synthesis

Running Flow: compile (Compile) on FFT_Accel_system_syn|synthesis
# Tue Apr 21 06:29:02 2020

Running Flow: compile_flow (Compile Process) on FFT_Accel_system_syn|synthesis
# Tue Apr 21 06:29:02 2020

Running: compiler (Compile Input) on FFT_Accel_system_syn|synthesis
# Tue Apr 21 06:29:02 2020
Copied E:\Github_Repos\SF2_Eth_FFT\FFT_Accelerator\synthesis\synwork\FFT_Accel_system_comp.srs to E:\Github_Repos\SF2_Eth_FFT\FFT_Accelerator\synthesis\FFT_Accel_system.srs

compiler completed
# Tue Apr 21 06:29:07 2020

Return Code: 0
Run Time:00h:00m:05s

Running: multi_srs_gen (Multi-srs Generator) on FFT_Accel_system_syn|synthesis
# Tue Apr 21 06:29:07 2020

multi_srs_gen completed
# Tue Apr 21 06:29:08 2020

Return Code: 0
Run Time:00h:00m:01s
Copied E:\Github_Repos\SF2_Eth_FFT\FFT_Accelerator\synthesis\synwork\FFT_Accel_system_mult.srs to E:\Github_Repos\SF2_Eth_FFT\FFT_Accelerator\synthesis\FFT_Accel_system.srs
Complete: Compile Process on FFT_Accel_system_syn|synthesis

Running: premap (Premap) on FFT_Accel_system_syn|synthesis
# Tue Apr 21 06:29:08 2020

premap completed with warnings
# Tue Apr 21 06:29:09 2020

Return Code: 1
Run Time:00h:00m:01s
Complete: Compile on FFT_Accel_system_syn|synthesis

Running Flow: map (Map) on FFT_Accel_system_syn|synthesis
# Tue Apr 21 06:29:09 2020
License granted for 4 parallel jobs

Running: fpga_mapper (Map & Optimize) on FFT_Accel_system_syn|synthesis
# Tue Apr 21 06:29:09 2020
Copied E:\Github_Repos\SF2_Eth_FFT\FFT_Accelerator\synthesis\synwork\FFT_Accel_system_m.srm to E:\Github_Repos\SF2_Eth_FFT\FFT_Accelerator\synthesis\FFT_Accel_system.srm

fpga_mapper completed with warnings
# Tue Apr 21 06:29:19 2020

Return Code: 1
Run Time:00h:00m:10s
Complete: Map on FFT_Accel_system_syn|synthesis
Complete: Logic Synthesis on FFT_Accel_system_syn|synthesis
TCL script complete: "FFT_Accel_system_syn.tcl"
exit status=0
exit status=0
License checkin: synplifypro_actel
