Resource Usage Report for FFT_APB_Wrapper 

Mapping to part: m2s010tq144std
Cell usage:
CLKINT          3 uses
CFG1           5 uses
CFG2           122 uses
CFG3           405 uses
CFG4           548 uses

Carry cells:
ARI1            275 uses - used for arithmetic functions
ARI1            124 uses - used for Wide-Mux implementation
Total ARI1      399 uses


Sequential Cells: 
SLE            662 uses

DSP Blocks:    3 of 22 (13%)
 MACC:         3 Mults

I/O ports: 47
I/O primitives: 36
INBUF          18 uses
OUTBUF         18 uses


Global Clock Buffers: 3

Total LUTs:    1479

Extra resources required for RAM and MACC interface logic during P&R:

RAM64x18 Interface Logic : SLEs = 0; LUTs = 0;
RAM1K18  Interface Logic : SLEs = 72; LUTs = 72;
MACC     Interface Logic : SLEs = 108; LUTs = 108;

Total number of SLEs after P&R:  662 + 0 + 72 + 108 = 842;
Total number of LUTs after P&R:  1479 + 0 + 72 + 108 = 1659;

