Software Version: 12.600.0.14
Embedded FlashPro5 programmer detected.
programmer 'E2001943SW' : FlashPro5
Opened 'E:\Github_Repos\SF2_Eth_FFT\FFT_Accelerator\designer\FFT_Accel_system\FFT_Accel_system_fp\FFT_Accel_system.pro'
The 'open_project' command succeeded.
Warning: Programming is already enabled for device 'M2S010'.
The 'enable_device' command succeeded.
PPD file 'E:/Github_Repos/SF2_Eth_FFT/FFT_Accelerator/designer/FFT_Accel_system/FFT_Accel_system.ppd' has been loaded successfully.
DESIGN : FFT_Accel_system;  CHECKSUM : 8F71;  PDB_VERSION : 1.0
The 'set_programming_file' command succeeded.
The 'set_programming_action' command succeeded.
programmer 'E2001943SW' : Scan Chain...
programmer 'E2001943SW' : Check Chain...
programmer 'E2001943SW' : Scan and Check Chain PASSED.
programmer 'E2001943SW' : device 'M2S010' : Executing action PROGRAM
programmer 'E2001943SW' : device 'M2S010' : Family: Igloo2
programmer 'E2001943SW' : device 'M2S010' : Product:      M2GL005
programmer 'E2001943SW' : device 'M2S010' : EXPORT ISC_ENABLE_RESULT[32] = 007b6844
programmer 'E2001943SW' : device 'M2S010' : EXPORT CRCERR[1] = 0
programmer 'E2001943SW' : device 'M2S010' : EXPORT EDCERR[1] = 0
programmer 'E2001943SW' : device 'M2S010' : Programming FPGA Array...
programmer 'E2001943SW' : device 'M2S010' : EXPORT Fabric component digest[256] = f189d283f22ce14ec5267fb3d1aa1af33214c5c6c57102c1c29315510bdaf37a
programmer 'E2001943SW' : device 'M2S010' : ===================================================================================
programmer 'E2001943SW' : device 'M2S010' : EXPORT DSN[128] = 820f3a77ad5c172418405befcc9be916
programmer 'E2001943SW' : device 'M2S010' : ===================================================================================
programmer 'E2001943SW' : device 'M2S010' : Finished: Tue Apr 21 06:31:08 2020 (Elapsed time 00:00:24)
programmer 'E2001943SW' : device 'M2S010' : Executing action PROGRAM PASSED.
programmer 'E2001943SW' : Chain programming PASSED.
Chain Programming Finished: Tue Apr 21 06:31:08 2020 (Elapsed time 00:00:24)

                        o - o - o - o - o - o

The 'run_selected_actions' command succeeded.
The 'set_programming_file' command succeeded.
Project saved.
The 'save_project' command succeeded.
Project closed.
Exported log file E:\Github_Repos\SF2_Eth_FFT\FFT_Accelerator\designer\FFT_Accel_system\FFT_Accel_system_fp\FFT_Accel_system.log.
The 'close_project' command succeeded.
The Execute Script command succeeded.
